{
  "RSpec": {
    "coverage": {
      "/home/otavio/pdvend-test/app/controllers/links_controller.rb": [
        1,
        1,
        1,
        null,
        1,
        3,
        null,
        3,
        2,
        null,
        1,
        null,
        null,
        null,
        1,
        1,
        null,
        1,
        null,
        null,
        1,
        2,
        null,
        2,
        null,
        null,
        1,
        null,
        1,
        3,
        null,
        null,
        1,
        3,
        null,
        null
      ],
      "/home/otavio/pdvend-test/app/controllers/application_controller.rb": [
        1,
        null
      ],
      "/home/otavio/pdvend-test/spec/models/link_spec.rb": [
        1,
        null,
        1,
        1,
        2,
        null,
        null,
        1,
        2,
        null,
        null
      ],
      "/home/otavio/pdvend-test/app/models/link.rb": [
        1,
        1,
        null
      ],
      "/home/otavio/pdvend-test/app/models/application_record.rb": [
        1,
        1,
        null
      ],
      "/home/otavio/pdvend-test/spec/services/search_content_service_spec.rb": [
        1,
        null,
        1,
        1,
        1,
        1,
        1,
        1,
        1,
        null,
        null,
        1,
        null,
        null,
        1,
        null,
        null,
        1,
        null,
        null,
        1,
        null,
        null,
        1,
        1,
        null,
        1,
        null,
        null,
        null,
        null
      ],
      "/home/otavio/pdvend-test/app/services/search_content_service.rb": [
        1,
        1,
        2,
        null,
        null,
        1,
        1,
        null,
        1,
        4,
        null,
        4,
        null,
        4,
        3,
        null,
        null,
        null,
        1,
        null,
        null,
        1,
        null,
        1,
        7,
        null,
        null,
        1,
        7,
        null,
        null
      ],
      "/home/otavio/pdvend-test/spec/services/web_content_service_spec.rb": [
        1,
        null,
        1,
        3,
        3,
        null,
        1,
        1,
        1,
        null,
        1,
        null,
        null,
        1,
        1,
        null,
        null,
        null,
        1,
        1,
        null,
        1,
        null,
        null,
        1,
        1,
        null,
        null,
        null,
        null
      ],
      "/home/otavio/pdvend-test/app/services/web_content_service.rb": [
        1,
        1,
        8,
        null,
        null,
        1,
        6,
        null,
        null
      ]
    },
    "timestamp": 1490749291
  }
}
